{
  "RSpec": {
    "coverage": {
      "/home/qwer24rus/polza/polza/config/environment.rb": {
        "lines": [
          null,
          1,
          null,
          null,
          1
        ]
      },
      "/home/qwer24rus/polza/polza/config/application.rb": {
        "lines": [
          1,
          null,
          1,
          null,
          null,
          null,
          1,
          null,
          1,
          1,
          null,
          1,
          1,
          1,
          null,
          null
        ]
      },
      "/home/qwer24rus/polza/polza/config/boot.rb": {
        "lines": [
          1,
          null,
          1,
          1
        ]
      },
      "/home/qwer24rus/polza/polza/config/environments/test.rb": {
        "lines": [
          1,
          null,
          null,
          null,
          null,
          null,
          null,
          1,
          null,
          null,
          null,
          1,
          null,
          null,
          null,
          null,
          1,
          null,
          null,
          1,
          1,
          null,
          null,
          null,
          null,
          1,
          1,
          1,
          null,
          null,
          1,
          null,
          null,
          1,
          null,
          null,
          1,
          null,
          1,
          null,
          null,
          null,
          null,
          1,
          null,
          null,
          1,
          null,
          null,
          1,
          null,
          null,
          1,
          null,
          null,
          null,
          null,
          null,
          null,
          null
        ]
      },
      "/home/qwer24rus/polza/polza/config/initializers/assets.rb": {
        "lines": [
          null,
          null,
          null,
          1,
          null,
          null,
          null,
          null,
          null,
          null,
          null,
          null
        ]
      },
      "/home/qwer24rus/polza/polza/config/initializers/content_security_policy.rb": {
        "lines": [
          null,
          null,
          null,
          null,
          null,
          null,
          null,
          null,
          null,
          null,
          null,
          null,
          null,
          null,
          null,
          null,
          null,
          null,
          null,
          null,
          null,
          null,
          null,
          null,
          null
        ]
      },
      "/home/qwer24rus/polza/polza/config/initializers/filter_parameter_logging.rb": {
        "lines": [
          null,
          null,
          null,
          null,
          null,
          1,
          null,
          null
        ]
      },
      "/home/qwer24rus/polza/polza/config/initializers/inflections.rb": {
        "lines": [
          null,
          null,
          null,
          null,
          null,
          null,
          null,
          null,
          null,
          null,
          null,
          null,
          null,
          null,
          null,
          null
        ]
      },
      "/home/qwer24rus/polza/polza/config/initializers/permissions_policy.rb": {
        "lines": [
          null,
          null,
          null,
          null,
          null,
          null,
          null,
          null,
          null,
          null,
          null
        ]
      },
      "/home/qwer24rus/polza/polza/spec/factories/dish_factory.rb": {
        "lines": [
          1,
          1,
          58,
          null,
          1,
          1,
          null,
          null,
          1,
          50,
          null,
          null,
          null
        ]
      },
      "/home/qwer24rus/polza/polza/spec/factories/ingredient_factory.rb": {
        "lines": [
          1,
          1,
          99,
          null,
          null
        ]
      },
      "/home/qwer24rus/polza/polza/spec/factories/order_factory.rb": {
        "lines": [
          1,
          1,
          10,
          null,
          null
        ]
      },
      "/home/qwer24rus/polza/polza/config/routes.rb": {
        "lines": [
          1,
          1,
          1,
          1,
          1,
          1,
          null
        ]
      },
      "/home/qwer24rus/polza/polza/app/helpers/application_helper.rb": {
        "lines": [
          1,
          null
        ]
      },
      "/home/qwer24rus/polza/polza/app/helpers/order_helper.rb": {
        "lines": [
          1,
          null
        ]
      },
      "/home/qwer24rus/polza/polza/app/helpers/pages_helper.rb": {
        "lines": [
          1,
          null
        ]
      },
      "/home/qwer24rus/polza/polza/spec/support/factory_bot.rb": {
        "lines": [
          1,
          1,
          null
        ]
      },
      "/home/qwer24rus/polza/polza/spec/support/chrome.rb": {
        "lines": [
          1,
          1,
          1,
          1,
          1,
          null,
          null,
          null,
          null,
          null,
          null,
          null,
          null,
          null,
          null,
          null,
          null,
          null,
          null,
          null,
          null,
          null,
          null
        ]
      },
      "/home/qwer24rus/polza/polza/app/controllers/order_controller.rb": {
        "lines": [
          1,
          1,
          null,
          1,
          8,
          8,
          4,
          null,
          null,
          4,
          null,
          8,
          null,
          null,
          1,
          9,
          null,
          null,
          1,
          3,
          3,
          null,
          null,
          1,
          6,
          null,
          null,
          1,
          null,
          1,
          8,
          null,
          null
        ]
      },
      "/home/qwer24rus/polza/polza/app/controllers/application_controller.rb": {
        "lines": [
          1,
          null
        ]
      },
      "/home/qwer24rus/polza/polza/spec/controllers/pages_controller_spec.rb": {
        "lines": [
          1,
          null,
          1,
          1,
          4,
          4,
          null,
          1,
          1,
          null,
          1,
          1,
          null,
          null,
          1,
          1,
          null,
          1,
          1,
          null,
          null,
          1,
          1,
          1,
          null,
          null,
          null
        ]
      },
      "/home/qwer24rus/polza/polza/app/controllers/pages_controller.rb": {
        "lines": [
          1,
          1,
          13,
          13,
          null,
          null
        ]
      },
      "/home/qwer24rus/polza/polza/spec/features/homepage_spec.rb": {
        "lines": [
          1,
          null,
          1,
          1,
          null,
          null,
          null,
          8,
          8,
          8,
          null,
          null,
          1,
          1,
          6,
          null,
          null,
          1,
          1,
          1,
          null,
          null,
          1,
          1,
          null,
          null,
          1,
          1,
          null,
          null,
          1,
          1,
          1,
          null,
          null,
          1,
          1,
          1,
          1,
          null,
          null,
          1,
          1,
          1,
          null,
          1,
          1,
          null,
          null,
          null,
          null,
          1,
          1,
          2,
          null,
          null,
          1,
          1,
          1,
          null,
          1,
          null,
          1,
          null,
          1,
          null,
          1,
          null,
          null,
          null,
          1,
          null,
          1,
          null,
          1,
          1,
          null,
          1,
          null,
          1,
          null,
          1,
          null,
          null,
          null
        ]
      },
      "/home/qwer24rus/polza/polza/spec/model/dish_spec.rb": {
        "lines": [
          1,
          null,
          1,
          1,
          1,
          2,
          2,
          null,
          2,
          null,
          null,
          1,
          3,
          3,
          2,
          1,
          null,
          1,
          1,
          null,
          null,
          1,
          1,
          null,
          null,
          null,
          null
        ]
      },
      "/home/qwer24rus/polza/polza/spec/model/ingredient_spec.rb": {
        "lines": [
          1,
          null,
          1,
          1,
          1,
          2,
          2,
          null,
          2,
          null,
          null
        ]
      },
      "/home/qwer24rus/polza/polza/spec/model/order_spec.rb": {
        "lines": [
          1,
          null,
          1,
          1,
          6,
          6,
          null,
          1,
          4,
          null,
          1,
          1,
          null,
          null,
          1,
          1,
          1,
          null,
          null,
          1,
          1,
          1,
          null,
          null,
          null,
          null,
          null,
          1,
          2,
          1,
          1,
          1,
          1,
          null,
          null,
          null,
          null,
          1,
          3,
          3,
          3,
          null,
          1,
          1,
          1,
          null,
          null,
          null,
          1,
          1,
          1,
          null,
          null,
          null,
          null
        ]
      },
      "/home/qwer24rus/polza/polza/app/models/dish.rb": {
        "lines": [
          1,
          1,
          null,
          1,
          1,
          null,
          1,
          37,
          null,
          null,
          null
        ]
      },
      "/home/qwer24rus/polza/polza/app/models/application_record.rb": {
        "lines": [
          1,
          1,
          null
        ]
      },
      "/home/qwer24rus/polza/polza/app/models/ingredient.rb": {
        "lines": [
          1,
          1,
          1,
          null,
          null
        ]
      },
      "/home/qwer24rus/polza/polza/app/models/order.rb": {
        "lines": [
          1,
          1,
          null,
          1,
          14,
          null,
          null,
          null,
          null,
          1,
          5,
          null,
          null,
          1,
          null,
          1,
          35,
          null,
          null,
          1,
          null,
          1,
          27,
          null,
          null,
          1,
          32,
          null,
          5,
          null,
          null
        ]
      }
    },
    "timestamp": 1674720664
  }
}
